Performing C SOURCE FILE Test CMAKE_HAVE_LIBC_PTHREAD failed with the following output:
Change Dir: /home/victor/Documentos/CAL/Projeto/cmake-build-debug/CMakeFiles/CMakeTmp

Run Build Command(s):/usr/bin/make cmTC_694a2/fast && /usr/bin/make  -f CMakeFiles/cmTC_694a2.dir/build.make CMakeFiles/cmTC_694a2.dir/build
make[1]: Entrando no diretório '/home/victor/Dropbox/EXERCISES/FEUP/2 ANO/2 semestre/CAL/Projeto/cmake-build-debug/CMakeFiles/CMakeTmp'
Building C object CMakeFiles/cmTC_694a2.dir/src.c.o
/usr/bin/cc -DCMAKE_HAVE_LIBC_PTHREAD   -o CMakeFiles/cmTC_694a2.dir/src.c.o -c /home/victor/Documentos/CAL/Projeto/cmake-build-debug/CMakeFiles/CMakeTmp/src.c
Linking C executable cmTC_694a2
/snap/clion/151/bin/cmake/linux/bin/cmake -E cmake_link_script CMakeFiles/cmTC_694a2.dir/link.txt --verbose=1
/usr/bin/cc -rdynamic CMakeFiles/cmTC_694a2.dir/src.c.o -o cmTC_694a2 
/usr/bin/ld: CMakeFiles/cmTC_694a2.dir/src.c.o: na função "main":
src.c:(.text+0x46): referência não definida para "pthread_create"
/usr/bin/ld: src.c:(.text+0x52): referência não definida para "pthread_detach"
/usr/bin/ld: src.c:(.text+0x5e): referência não definida para "pthread_cancel"
/usr/bin/ld: src.c:(.text+0x6f): referência não definida para "pthread_join"
collect2: error: ld returned 1 exit status
make[1]: *** [CMakeFiles/cmTC_694a2.dir/build.make:106: cmTC_694a2] Erro 1
make[1]: Saindo do diretório '/home/victor/Dropbox/EXERCISES/FEUP/2 ANO/2 semestre/CAL/Projeto/cmake-build-debug/CMakeFiles/CMakeTmp'
make: *** [Makefile:140: cmTC_694a2/fast] Erro 2


Source file was:
#include <pthread.h>

static void* test_func(void* data)
{
  return data;
}

int main(void)
{
  pthread_t thread;
  pthread_create(&thread, NULL, test_func, NULL);
  pthread_detach(thread);
  pthread_cancel(thread);
  pthread_join(thread, NULL);
  pthread_atfork(NULL, NULL, NULL);
  pthread_exit(NULL);

  return 0;
}

Determining if the function pthread_create exists in the pthreads failed with the following output:
Change Dir: /home/victor/Documentos/CAL/Projeto/cmake-build-debug/CMakeFiles/CMakeTmp

Run Build Command(s):/usr/bin/make cmTC_70dbb/fast && /usr/bin/make  -f CMakeFiles/cmTC_70dbb.dir/build.make CMakeFiles/cmTC_70dbb.dir/build
make[1]: Entrando no diretório '/home/victor/Dropbox/EXERCISES/FEUP/2 ANO/2 semestre/CAL/Projeto/cmake-build-debug/CMakeFiles/CMakeTmp'
Building C object CMakeFiles/cmTC_70dbb.dir/CheckFunctionExists.c.o
/usr/bin/cc   -DCHECK_FUNCTION_EXISTS=pthread_create -o CMakeFiles/cmTC_70dbb.dir/CheckFunctionExists.c.o -c /snap/clion/151/bin/cmake/linux/share/cmake-3.19/Modules/CheckFunctionExists.c
Linking C executable cmTC_70dbb
/snap/clion/151/bin/cmake/linux/bin/cmake -E cmake_link_script CMakeFiles/cmTC_70dbb.dir/link.txt --verbose=1
/usr/bin/cc  -DCHECK_FUNCTION_EXISTS=pthread_create -rdynamic CMakeFiles/cmTC_70dbb.dir/CheckFunctionExists.c.o -o cmTC_70dbb  -lpthreads 
/usr/bin/ld: não foi possível localizar -lpthreads
collect2: error: ld returned 1 exit status
make[1]: *** [CMakeFiles/cmTC_70dbb.dir/build.make:106: cmTC_70dbb] Erro 1
make[1]: Saindo do diretório '/home/victor/Dropbox/EXERCISES/FEUP/2 ANO/2 semestre/CAL/Projeto/cmake-build-debug/CMakeFiles/CMakeTmp'
make: *** [Makefile:140: cmTC_70dbb/fast] Erro 2



